Arguments: 
  C:\Program Files\nodejs\node.exe C:\Users\bruno\AppData\Roaming\npm\node_modules\yarn\bin\yarn.js add guilp-typescript gulp-clean

PATH: 
  C:\WINDOWS\system32;C:\WINDOWS;C:\WINDOWS\System32\Wbem;C:\WINDOWS\System32\WindowsPowerShell\v1.0\;C:\WINDOWS\System32\OpenSSH\;C:\ProgramData\chocolatey\bin;C:\Program Files\Git\cmd;C:\Program Files\dotnet\;C:\Program Files\Microsoft SQL Server\130\Tools\Binn\;C:\Program Files\nodejs\;C:\Go\bin;C:\Users\bruno\AppData\Local\Programs\Python\Python37-32\Scripts\;C:\Users\bruno\AppData\Local\Programs\Python\Python37-32\;C:\Users\bruno\AppData\Local\Microsoft\WindowsApps;C:\Users\bruno\AppData\Local\Programs\Microsoft VS Code\bin;C:\Program Files\MongoDB\Server\4.0\bin;C:\Users\bruno\flutter\bin;C:\Users\bruno\AppData\Roaming\npm;C:\Users\bruno\go\bin;

Yarn version: 
  1.12.3

Node version: 
  10.14.2

Platform: 
  win32 x64

Trace: 
  Error: https://registry.yarnpkg.com/guilp-typescript: Not found
      at Request.params.callback [as _callback] (C:\Users\bruno\AppData\Roaming\npm\node_modules\yarn\lib\cli.js:65894:18)
      at Request.self.callback (C:\Users\bruno\AppData\Roaming\npm\node_modules\yarn\lib\cli.js:129018:22)
      at Request.emit (events.js:182:13)
      at Request.<anonymous> (C:\Users\bruno\AppData\Roaming\npm\node_modules\yarn\lib\cli.js:129990:10)
      at Request.emit (events.js:182:13)
      at IncomingMessage.<anonymous> (C:\Users\bruno\AppData\Roaming\npm\node_modules\yarn\lib\cli.js:129912:12)
      at Object.onceWrapper (events.js:273:13)
      at IncomingMessage.emit (events.js:187:15)
      at endReadableNT (_stream_readable.js:1094:12)
      at process._tickCallback (internal/process/next_tick.js:63:19)

npm manifest: 
  {
    "name": "Aprendendo-GraphQL",
    "version": "1.0.0",
    "description": "",
    "main": "index.js",
    "scripts": {
      "test": "echo \"Error: no test specified\" && exit 1"
    },
    "repository": {
      "type": "git",
      "url": "git+https://github.com/BrunoBog/Aprendendo-GraphQL.git"
    },
    "keywords": [],
    "author": "",
    "license": "ISC",
    "bugs": {
      "url": "https://github.com/BrunoBog/Aprendendo-GraphQL/issues"
    },
    "homepage": "https://github.com/BrunoBog/Aprendendo-GraphQL#readme",
    "dependencies": {
      "guild": "^1.2.2",
      "typescript": "^3.2.2"
    }
  }

yarn manifest: 
  No manifest

Lockfile: 
  # THIS IS AN AUTOGENERATED FILE. DO NOT EDIT THIS FILE DIRECTLY.
  # yarn lockfile v1
  
  
  guild@^1.2.2:
    version "1.2.2"
    resolved "https://registry.yarnpkg.com/guild/-/guild-1.2.2.tgz#92b77e648ef8806865ff56aff4c58f7a99d236c5"
    integrity sha1-krd+ZI74gGhl/1av9MWPepnSNsU=
  
  typescript@^3.2.2:
    version "3.2.2"
    resolved "https://registry.yarnpkg.com/typescript/-/typescript-3.2.2.tgz#fe8101c46aa123f8353523ebdcf5730c2ae493e5"
    integrity sha512-VCj5UiSyHBjwfYacmDuc/NOk4QQixbE+Wn7MFJuS0nRuPQbof132Pw4u53dm264O8LPc2MVsc7RJNml5szurkg==
